# JRE version: Java(TM) SE Runtime Environment (8.0_66-b17) (build 1.8.0_66-b17)
# Java VM: Java HotSpot(TM) 64-Bit Server VM (25.66-b17 mixed mode windows-amd64 compressed oops)
Heap:
 PSYoungGen      total 295424K, used 197078K [0x000000076ab00000, 0x0000000791100000, 0x00000007c0000000)
  eden space 262144K, 73% used [0x000000076ab00000,0x00000007766f8c50,0x000000077ab00000)
  from space 33280K, 13% used [0x000000077ab00000,0x000000077af7cc10,0x000000077cb80000)
  to   space 52224K, 0% used [0x000000078de00000,0x000000078de00000,0x0000000791100000)
 ParOldGen       total 172032K, used 87389K [0x00000006c0000000, 0x00000006ca800000, 0x000000076ab00000)
  object space 172032K, 50% used [0x00000006c0000000,0x00000006c55574d0,0x00000006ca800000)
 Metaspace       used 6591K, capacity 7256K, committed 7424K, reserved 1056768K
  class space    used 625K, capacity 656K, committed 768K, reserved 1048576K
GC Heap History (10 events):
Event: 5.710 GC heap before
{Heap before GC invocations=4 (full 0):
 PSYoungGen      total 71680K, used 71677K [0x000000076ab00000, 0x0000000773700000, 0x00000007c0000000)
  eden space 66560K, 100% used [0x000000076ab00000,0x000000076ec00000,0x000000076ec00000)
  from space 5120K, 99% used [0x000000076ec00000,0x000000076f0ff7c8,0x000000076f100000)
  to   space 5120K, 0% used [0x0000000773200000,0x0000000773200000,0x0000000773700000)
 ParOldGen       total 87552K, used 9439K [0x00000006c0000000, 0x00000006c5580000, 0x000000076ab00000)
  object space 87552K, 10% used [0x00000006c0000000,0x00000006c0937e18,0x00000006c5580000)
 Metaspace       used 6311K, capacity 7152K, committed 7296K, reserved 1056768K
  class space    used 604K, capacity 616K, committed 640K, reserved 1048576K
Event: 5.789 GC heap after
Heap after GC invocations=4 (full 0):
 PSYoungGen      total 138240K, used 5117K [0x000000076ab00000, 0x0000000773700000, 0x00000007c0000000)
  eden space 133120K, 0% used [0x000000076ab00000,0x000000076ab00000,0x0000000772d00000)
  from space 5120K, 99% used [0x0000000773200000,0x00000007736ff428,0x0000000773700000)
  to   space 5120K, 0% used [0x0000000772d00000,0x0000000772d00000,0x0000000773200000)
 ParOldGen       total 87552K, used 19659K [0x00000006c0000000, 0x00000006c5580000, 0x000000076ab00000)
  object space 87552K, 22% used [0x00000006c0000000,0x00000006c1332c38,0x00000006c5580000)
 Metaspace       used 6311K, capacity 7152K, committed 7296K, reserved 1056768K
  class space    used 604K, capacity 616K, committed 640K, reserved 1048576K
}
Event: 8.377 GC heap before
{Heap before GC invocations=5 (full 0):
 PSYoungGen      total 138240K, used 138237K [0x000000076ab00000, 0x0000000773700000, 0x00000007c0000000)
  eden space 133120K, 100% used [0x000000076ab00000,0x0000000772d00000,0x0000000772d00000)
  from space 5120K, 99% used [0x0000000773200000,0x00000007736ff428,0x0000000773700000)
  to   space 5120K, 0% used [0x0000000772d00000,0x0000000772d00000,0x0000000773200000)
 ParOldGen       total 87552K, used 19659K [0x00000006c0000000, 0x00000006c5580000, 0x000000076ab00000)
  object space 87552K, 22% used [0x00000006c0000000,0x00000006c1332c38,0x00000006c5580000)
 Metaspace       used 6488K, capacity 7256K, committed 7424K, reserved 1056768K
  class space    used 625K, capacity 656K, committed 768K, reserved 1048576K
Event: 8.662 GC heap after
Heap after GC invocations=5 (full 0):
 PSYoungGen      total 138240K, used 5110K [0x000000076ab00000, 0x000000077e800000, 0x00000007c0000000)
  eden space 133120K, 0% used [0x000000076ab00000,0x000000076ab00000,0x0000000772d00000)
  from space 5120K, 99% used [0x0000000772d00000,0x00000007731fd948,0x0000000773200000)
  to   space 29184K, 0% used [0x000000077cb80000,0x000000077cb80000,0x000000077e800000)
 ParOldGen       total 87552K, used 39722K [0x00000006c0000000, 0x00000006c5580000, 0x000000076ab00000)
  object space 87552K, 45% used [0x00000006c0000000,0x00000006c26ca828,0x00000006c5580000)
 Metaspace       used 6488K, capacity 7256K, committed 7424K, reserved 1056768K
  class space    used 625K, capacity 656K, committed 768K, reserved 1048576K
}
Event: 10.984 GC heap before
{Heap before GC invocations=6 (full 0):
 PSYoungGen      total 138240K, used 138230K [0x000000076ab00000, 0x000000077e800000, 0x00000007c0000000)
  eden space 133120K, 100% used [0x000000076ab00000,0x0000000772d00000,0x0000000772d00000)
  from space 5120K, 99% used [0x0000000772d00000,0x00000007731fd948,0x0000000773200000)
  to   space 29184K, 0% used [0x000000077cb80000,0x000000077cb80000,0x000000077e800000)
 ParOldGen       total 87552K, used 39722K [0x00000006c0000000, 0x00000006c5580000, 0x000000076ab00000)
  object space 87552K, 45% used [0x00000006c0000000,0x00000006c26ca828,0x00000006c5580000)
 Metaspace       used 6512K, capacity 7256K, committed 7424K, reserved 1056768K
  class space    used 625K, capacity 656K, committed 768K, reserved 1048576K
Event: 11.296 GC heap after
Heap after GC invocations=6 (full 0):
 PSYoungGen      total 291328K, used 24232K [0x000000076ab00000, 0x000000077f000000, 0x00000007c0000000)
  eden space 262144K, 0% used [0x000000076ab00000,0x000000076ab00000,0x000000077ab00000)
  from space 29184K, 83% used [0x000000077cb80000,0x000000077e32a1f0,0x000000077e800000)
  to   space 33280K, 0% used [0x000000077ab00000,0x000000077ab00000,0x000000077cb80000)
 ParOldGen       total 87552K, used 39722K [0x00000006c0000000, 0x00000006c5580000, 0x000000076ab00000)
  object space 87552K, 45% used [0x00000006c0000000,0x00000006c26ca828,0x00000006c5580000)
 Metaspace       used 6512K, capacity 7256K, committed 7424K, reserved 1056768K
  class space    used 625K, capacity 656K, committed 768K, reserved 1048576K
}
Event: 16.109 GC heap before
{Heap before GC invocations=7 (full 0):
 PSYoungGen      total 291328K, used 286376K [0x000000076ab00000, 0x000000077f000000, 0x00000007c0000000)
  eden space 262144K, 100% used [0x000000076ab00000,0x000000077ab00000,0x000000077ab00000)
  from space 29184K, 83% used [0x000000077cb80000,0x000000077e32a1f0,0x000000077e800000)
  to   space 33280K, 0% used [0x000000077ab00000,0x000000077ab00000,0x000000077cb80000)
 ParOldGen       total 87552K, used 39722K [0x00000006c0000000, 0x00000006c5580000, 0x000000076ab00000)
  object space 87552K, 45% used [0x00000006c0000000,0x00000006c26ca828,0x00000006c5580000)
 Metaspace       used 6575K, capacity 7256K, committed 7424K, reserved 1056768K
  class space    used 625K, capacity 656K, committed 768K, reserved 1048576K
Event: 16.705 GC heap after
Heap after GC invocations=7 (full 0):
 PSYoungGen      total 295424K, used 33275K [0x000000076ab00000, 0x0000000791100000, 0x00000007c0000000)
  eden space 262144K, 0% used [0x000000076ab00000,0x000000076ab00000,0x000000077ab00000)
  from space 33280K, 99% used [0x000000077ab00000,0x000000077cb7ee20,0x000000077cb80000)
  to   space 52224K, 0% used [0x000000078de00000,0x000000078de00000,0x0000000791100000)
 ParOldGen       total 87552K, used 63185K [0x00000006c0000000, 0x00000006c5580000, 0x000000076ab00000)
  object space 87552K, 72% used [0x00000006c0000000,0x00000006c3db44e8,0x00000006c5580000)
 Metaspace       used 6575K, capacity 7256K, committed 7424K, reserved 1056768K
  class space    used 625K, capacity 656K, committed 768K, reserved 1048576K
}
Event: 16.706 GC heap before
{Heap before GC invocations=8 (full 1):
 PSYoungGen      total 295424K, used 33275K [0x000000076ab00000, 0x0000000791100000, 0x00000007c0000000)
  eden space 262144K, 0% used [0x000000076ab00000,0x000000076ab00000,0x000000077ab00000)
  from space 33280K, 99% used [0x000000077ab00000,0x000000077cb7ee20,0x000000077cb80000)
  to   space 52224K, 0% used [0x000000078de00000,0x000000078de00000,0x0000000791100000)
 ParOldGen       total 87552K, used 63185K [0x00000006c0000000, 0x00000006c5580000, 0x000000076ab00000)
  object space 87552K, 72% used [0x00000006c0000000,0x00000006c3db44e8,0x00000006c5580000)
 Metaspace       used 6575K, capacity 7256K, committed 7424K, reserved 1056768K
  class space    used 625K, capacity 656K, committed 768K, reserved 1048576K
Event: 21.162 GC heap after
Heap after GC invocations=8 (full 1):
 PSYoungGen      total 295424K, used 4595K [0x000000076ab00000, 0x0000000791100000, 0x00000007c0000000)
  eden space 262144K, 0% used [0x000000076ab00000,0x000000076ab00000,0x000000077ab00000)
  from space 33280K, 13% used [0x000000077ab00000,0x000000077af7cc10,0x000000077cb80000)
  to   space 52224K, 0% used [0x000000078de00000,0x000000078de00000,0x0000000791100000)
 ParOldGen       total 172032K, used 87389K [0x00000006c0000000, 0x00000006ca800000, 0x000000076ab00000)
  object space 172032K, 50% used [0x00000006c0000000,0x00000006c55574d0,0x00000006ca800000)
 Metaspace       used 6575K, capacity 7256K, committed 7424K, reserved 1056768K
  class space    used 625K, capacity 656K, committed 768K, reserved 1048576K
}

